
Showing logs for build [32mcb-kubecd-environment-pr-5450-1-1[0m stage [32mmeta-pipeline[0m and container [32mstep-credential-initializer-285nz[0m
{"level":"warn","ts":1568288697.1636438,"logger":"fallback-logger","caller":"logging/config.go:69","msg":"Fetch GitHub commit ID from kodata failed: \"ref: refs/heads/master\" is not a valid GitHub commit ID"}
{"level":"info","ts":1568288697.164223,"logger":"fallback-logger","caller":"creds-init/main.go:40","msg":"Credentials initialized."}

Showing logs for build [32mcb-kubecd-environment-pr-5450-1-1[0m stage [32mmeta-pipeline[0m and container [32mstep-working-dir-initializer-l8fds[0m
{"level":"warn","ts":1568288698.5636082,"logger":"fallback-logger","caller":"logging/config.go:69","msg":"Fetch GitHub commit ID from kodata failed: open /var/run/ko/HEAD: no such file or directory"}
{"level":"info","ts":1568288698.5664017,"logger":"fallback-logger","caller":"bash/main.go:65","msg":"Successfully executed command \"mkdir -p /workspace/source\""}

Showing logs for build [32mcb-kubecd-environment-pr-5450-1-1[0m stage [32mmeta-pipeline[0m and container [32mstep-place-tools[0m

Showing logs for build [32mcb-kubecd-environment-pr-5450-1-1[0m stage [32mmeta-pipeline[0m and container [32mstep-git-source-meta-cb-kubecd-environment-pr-5-wspl8[0m
{"level":"warn","ts":1568288704.665682,"logger":"fallback-logger","caller":"logging/config.go:69","msg":"Fetch GitHub commit ID from kodata failed: \"ref: refs/heads/master\" is not a valid GitHub commit ID"}
{"level":"info","ts":1568288705.737608,"logger":"fallback-logger","caller":"git/git.go:102","msg":"Successfully cloned https://github.com/cb-kubecd/environment-pr-5450-15-tekton-gkebdd-staging.git @ c5e5533109a37a942fb71ce2c2e802afd9aabc4b in path /workspace/source"}

Showing logs for build [32mcb-kubecd-environment-pr-5450-1-1[0m stage [32mmeta-pipeline[0m and container [32mstep-git-merge[0m
Using SHAs from PULL_REFS=master:c5e5533109a37a942fb71ce2c2e802afd9aabc4b,1:7f6ee9c741bbf12c8cdfd291347357f1c46247e3
DEBUG: ran git fetch --unshallow origin 7f6ee9c741bbf12c8cdfd291347357f1c46247e3: c5e5533109a37a942fb71ce2c2e802afd9aabc4b: in 
DEBUG: ran git checkout master in 
DEBUG: ran git reset --hard c5e5533109a37a942fb71ce2c2e802afd9aabc4b in 
DEBUG: ran clean --force -d . in 
DEBUG: ran git merge 7f6ee9c741bbf12c8cdfd291347357f1c46247e3 in 
Merged SHA 7f6ee9c741bbf12c8cdfd291347357f1c46247e3 with commit message 'chore: Promote bdd-spring-1568288448 to version 0.0.1' into base branch master

Showing logs for build [32mcb-kubecd-environment-pr-5450-1-1[0m stage [32mmeta-pipeline[0m and container [32mstep-merge-pull-refs[0m
DEBUG: ran git fetch origin 7f6ee9c741bbf12c8cdfd291347357f1c46247e3: c5e5533109a37a942fb71ce2c2e802afd9aabc4b: in 
DEBUG: Unshallowed git repo in 
DEBUG: ran git checkout master in 
DEBUG: ran git reset --hard c5e5533109a37a942fb71ce2c2e802afd9aabc4b in 
DEBUG: ran clean --force -d . in 
DEBUG: ran git merge 7f6ee9c741bbf12c8cdfd291347357f1c46247e3 in 
Merged SHA 7f6ee9c741bbf12c8cdfd291347357f1c46247e3 with commit message 'chore: Promote bdd-spring-1568288448 to version 0.0.1' into base branch master

Showing logs for build [32mcb-kubecd-environment-pr-5450-1-1[0m stage [32mmeta-pipeline[0m and container [32mstep-create-effective-pipeline[0m
Deleting and cloning the Jenkins X versions repo
Cloning the Jenkins X versions repo https://github.com/jenkins-x/jenkins-x-versions.git with ref refs/heads/master to /builder/home/.**/jenkins-x-versions
selected pack: /builder/home/.**/draft/packs/github.com/jenkins-x-buildpacks/jenkins-x-kubernetes/packs/environment
Effective pipeline written to jenkins-x-promotion-build-effective.yml

Showing logs for build [32mcb-kubecd-environment-pr-5450-1-1[0m stage [32mmeta-pipeline[0m and container [32mstep-create-tekton-crds[0m
PipelineActivity for cb-kubecd-environment-pr-5450-15-tekton-gkebdd-staging-PR-1-1
Applying changes 
upserted PipelineResource cb-kubecd-environment-pr-5450-1 for the git repository https://github.com/cb-kubecd/environment-pr-5450-15-tekton-gkebdd-staging.git
upserted Task cb-kubecd-environment-pr-5450-1-from-build-pack-1
upserted Pipeline cb-kubecd-environment-pr-5450-1-1
created PipelineRun cb-kubecd-environment-pr-5450-1-1
created PipelineStructure cb-kubecd-environment-pr-5450-1-1

Showing logs for build [32mcb-kubecd-environment-pr-5450-1-1[0m stage [32mfrom-build-pack[0m and container [32mstep-credential-initializer-64f8v[0m
{"level":"warn","ts":1568288719.0673757,"logger":"fallback-logger","caller":"logging/config.go:69","msg":"Fetch GitHub commit ID from kodata failed: \"ref: refs/heads/master\" is not a valid GitHub commit ID"}
{"level":"info","ts":1568288719.0680785,"logger":"fallback-logger","caller":"creds-init/main.go:40","msg":"Credentials initialized."}

Showing logs for build [32mcb-kubecd-environment-pr-5450-1-1[0m stage [32mfrom-build-pack[0m and container [32mstep-working-dir-initializer-6qvcz[0m
{"level":"warn","ts":1568288721.0215733,"logger":"fallback-logger","caller":"logging/config.go:69","msg":"Fetch GitHub commit ID from kodata failed: open /var/run/ko/HEAD: no such file or directory"}
{"level":"info","ts":1568288721.0241444,"logger":"fallback-logger","caller":"bash/main.go:65","msg":"Successfully executed command \"mkdir -p /workspace/source /workspace/source/env\""}

Showing logs for build [32mcb-kubecd-environment-pr-5450-1-1[0m stage [32mfrom-build-pack[0m and container [32mstep-place-tools[0m

Showing logs for build [32mcb-kubecd-environment-pr-5450-1-1[0m stage [32mfrom-build-pack[0m and container [32mstep-git-source-cb-kubecd-environment-pr-5450-1-wj7qw[0m
{"level":"warn","ts":1568288798.932716,"logger":"fallback-logger","caller":"logging/config.go:69","msg":"Fetch GitHub commit ID from kodata failed: \"ref: refs/heads/master\" is not a valid GitHub commit ID"}
{"level":"info","ts":1568288800.0696404,"logger":"fallback-logger","caller":"git/git.go:102","msg":"Successfully cloned https://github.com/cb-kubecd/environment-pr-5450-15-tekton-gkebdd-staging.git @ master in path /workspace/source"}

Showing logs for build [32mcb-kubecd-environment-pr-5450-1-1[0m stage [32mfrom-build-pack[0m and container [32mstep-git-merge[0m
Using SHAs from PULL_REFS=master:c5e5533109a37a942fb71ce2c2e802afd9aabc4b,1:7f6ee9c741bbf12c8cdfd291347357f1c46247e3
DEBUG: ran git fetch origin 7f6ee9c741bbf12c8cdfd291347357f1c46247e3: c5e5533109a37a942fb71ce2c2e802afd9aabc4b: in 
DEBUG: Unshallowed git repo in 
DEBUG: ran git checkout master in 
DEBUG: ran git reset --hard c5e5533109a37a942fb71ce2c2e802afd9aabc4b in 
DEBUG: ran clean --force -d . in 
DEBUG: ran git merge 7f6ee9c741bbf12c8cdfd291347357f1c46247e3 in 
Merged SHA 7f6ee9c741bbf12c8cdfd291347357f1c46247e3 with commit message 'chore: Promote bdd-spring-1568288448 to version 0.0.1' into base branch master

Showing logs for build [32mcb-kubecd-environment-pr-5450-1-1[0m stage [32mfrom-build-pack[0m and container [32mstep-build-helm-build[0m
WARNING: No $CHART_REPOSITORY defined so using the default value of: http://jenkins-x-chartmuseum:8080
Adding missing Helm repo: storage.googleapis.com https://storage.googleapis.com/chartmuseum.jenkins-x.io
Successfully added Helm repository storage.googleapis.com.
Adding missing Helm repo: jenkins-x-chartmuseum http://jenkins-x-chartmuseum:8080
Successfully added Helm repository jenkins-x-chartmuseum.
WARNING: No $CHART_REPOSITORY defined so using the default value of: http://jenkins-x-chartmuseum:8080
Adding missing Helm repo: chartmuseum.jenkins-x.io http://chartmuseum.jenkins-x.io
Successfully added Helm repository chartmuseum.jenkins-x.io.
