
Showing logs for build [32mcb-kubecd-environment-pr-5450-1-bh6zd-1[0m stage [32mmeta-pipeline[0m and container [32mstep-credential-initializer-m7nm9[0m
{"level":"warn","ts":1568289439.6067038,"logger":"fallback-logger","caller":"logging/config.go:69","msg":"Fetch GitHub commit ID from kodata failed: \"ref: refs/heads/master\" is not a valid GitHub commit ID"}
{"level":"info","ts":1568289439.60907,"logger":"fallback-logger","caller":"creds-init/main.go:40","msg":"Credentials initialized."}

Showing logs for build [32mcb-kubecd-environment-pr-5450-1-bh6zd-1[0m stage [32mmeta-pipeline[0m and container [32mstep-working-dir-initializer-lxnbc[0m
{"level":"warn","ts":1568289440.5030818,"logger":"fallback-logger","caller":"logging/config.go:69","msg":"Fetch GitHub commit ID from kodata failed: open /var/run/ko/HEAD: no such file or directory"}
{"level":"info","ts":1568289440.5050142,"logger":"fallback-logger","caller":"bash/main.go:65","msg":"Successfully executed command \"mkdir -p /workspace/source\""}

Showing logs for build [32mcb-kubecd-environment-pr-5450-1-bh6zd-1[0m stage [32mmeta-pipeline[0m and container [32mstep-place-tools[0m

Showing logs for build [32mcb-kubecd-environment-pr-5450-1-bh6zd-1[0m stage [32mmeta-pipeline[0m and container [32mstep-git-source-meta-cb-kubecd-environment-pr-5-drhk7[0m
{"level":"warn","ts":1568289445.6685462,"logger":"fallback-logger","caller":"logging/config.go:69","msg":"Fetch GitHub commit ID from kodata failed: \"ref: refs/heads/master\" is not a valid GitHub commit ID"}
{"level":"info","ts":1568289446.9913452,"logger":"fallback-logger","caller":"git/git.go:102","msg":"Successfully cloned https://github.com/cb-kubecd/environment-pr-5450-15-tekton-gkebdd-staging.git @ f9bc049da5c95fc3d76ae81041da5830253941e2 in path /workspace/source"}

Showing logs for build [32mcb-kubecd-environment-pr-5450-1-bh6zd-1[0m stage [32mmeta-pipeline[0m and container [32mstep-git-merge[0m
Using SHAs from PULL_REFS=master:f9bc049da5c95fc3d76ae81041da5830253941e2,2:4dbcaa99e3364562af41ee978dc8bcfe1dfd8919
DEBUG: ran git fetch --unshallow origin 4dbcaa99e3364562af41ee978dc8bcfe1dfd8919: f9bc049da5c95fc3d76ae81041da5830253941e2: in 
DEBUG: ran git checkout master in 
DEBUG: ran git reset --hard f9bc049da5c95fc3d76ae81041da5830253941e2 in 
DEBUG: ran clean --force -d . in 
DEBUG: ran git merge 4dbcaa99e3364562af41ee978dc8bcfe1dfd8919 in 
Merged SHA 4dbcaa99e3364562af41ee978dc8bcfe1dfd8919 with commit message 'chore: Promote bdd-gh-1568289284 to version 0.0.1' into base branch master

Showing logs for build [32mcb-kubecd-environment-pr-5450-1-bh6zd-1[0m stage [32mmeta-pipeline[0m and container [32mstep-merge-pull-refs[0m
DEBUG: ran git fetch origin 4dbcaa99e3364562af41ee978dc8bcfe1dfd8919: f9bc049da5c95fc3d76ae81041da5830253941e2: in 
DEBUG: Unshallowed git repo in 
DEBUG: ran git checkout master in 
DEBUG: ran git reset --hard f9bc049da5c95fc3d76ae81041da5830253941e2 in 
DEBUG: ran clean --force -d . in 
DEBUG: ran git merge 4dbcaa99e3364562af41ee978dc8bcfe1dfd8919 in 
Merged SHA 4dbcaa99e3364562af41ee978dc8bcfe1dfd8919 with commit message 'chore: Promote bdd-gh-1568289284 to version 0.0.1' into base branch master

Showing logs for build [32mcb-kubecd-environment-pr-5450-1-bh6zd-1[0m stage [32mmeta-pipeline[0m and container [32mstep-create-effective-pipeline[0m
Deleting and cloning the Jenkins X versions repo
Cloning the Jenkins X versions repo https://github.com/jenkins-x/jenkins-x-versions.git with ref refs/heads/master to /builder/home/.**/jenkins-x-versions
selected pack: /builder/home/.**/draft/packs/github.com/jenkins-x-buildpacks/jenkins-x-kubernetes/packs/environment
Effective pipeline written to jenkins-x-promotion-build-effective.yml

Showing logs for build [32mcb-kubecd-environment-pr-5450-1-bh6zd-1[0m stage [32mmeta-pipeline[0m and container [32mstep-create-tekton-crds[0m
PipelineActivity for cb-kubecd-environment-pr-5450-15-tekton-gkebdd-staging-PR-2-1
Applying changes 
upserted PipelineResource cb-kubecd-environment-pr-5450-1 for the git repository https://github.com/cb-kubecd/environment-pr-5450-15-tekton-gkebdd-staging.git
upserted Task cb-kubecd-environment-pr-5450-1-bh6zd-from-build-pack-1
upserted Pipeline cb-kubecd-environment-pr-5450-1-bh6zd-1
created PipelineRun cb-kubecd-environment-pr-5450-1-bh6zd-1
created PipelineStructure cb-kubecd-environment-pr-5450-1-bh6zd-1

Showing logs for build [32mcb-kubecd-environment-pr-5450-1-bh6zd-1[0m stage [32mfrom-build-pack[0m and container [32mstep-credential-initializer-vktkr[0m
{"level":"warn","ts":1568289461.0584953,"logger":"fallback-logger","caller":"logging/config.go:69","msg":"Fetch GitHub commit ID from kodata failed: \"ref: refs/heads/master\" is not a valid GitHub commit ID"}
{"level":"info","ts":1568289461.0595767,"logger":"fallback-logger","caller":"creds-init/main.go:40","msg":"Credentials initialized."}

Showing logs for build [32mcb-kubecd-environment-pr-5450-1-bh6zd-1[0m stage [32mfrom-build-pack[0m and container [32mstep-working-dir-initializer-fxzgq[0m
{"level":"warn","ts":1568289461.9136794,"logger":"fallback-logger","caller":"logging/config.go:69","msg":"Fetch GitHub commit ID from kodata failed: open /var/run/ko/HEAD: no such file or directory"}
{"level":"info","ts":1568289461.9158354,"logger":"fallback-logger","caller":"bash/main.go:65","msg":"Successfully executed command \"mkdir -p /workspace/source /workspace/source/env\""}

Showing logs for build [32mcb-kubecd-environment-pr-5450-1-bh6zd-1[0m stage [32mfrom-build-pack[0m and container [32mstep-place-tools[0m

Showing logs for build [32mcb-kubecd-environment-pr-5450-1-bh6zd-1[0m stage [32mfrom-build-pack[0m and container [32mstep-git-source-cb-kubecd-environment-pr-5450-1-mx9wv[0m
{"level":"warn","ts":1568289467.0953186,"logger":"fallback-logger","caller":"logging/config.go:69","msg":"Fetch GitHub commit ID from kodata failed: \"ref: refs/heads/master\" is not a valid GitHub commit ID"}
{"level":"info","ts":1568289468.1748078,"logger":"fallback-logger","caller":"git/git.go:102","msg":"Successfully cloned https://github.com/cb-kubecd/environment-pr-5450-15-tekton-gkebdd-staging.git @ master in path /workspace/source"}

Showing logs for build [32mcb-kubecd-environment-pr-5450-1-bh6zd-1[0m stage [32mfrom-build-pack[0m and container [32mstep-git-merge[0m
Using SHAs from PULL_REFS=master:f9bc049da5c95fc3d76ae81041da5830253941e2,2:4dbcaa99e3364562af41ee978dc8bcfe1dfd8919
DEBUG: ran git fetch --unshallow origin 4dbcaa99e3364562af41ee978dc8bcfe1dfd8919: f9bc049da5c95fc3d76ae81041da5830253941e2: in 
DEBUG: ran git checkout master in 
DEBUG: ran git reset --hard f9bc049da5c95fc3d76ae81041da5830253941e2 in 
DEBUG: ran clean --force -d . in 
DEBUG: ran git merge 4dbcaa99e3364562af41ee978dc8bcfe1dfd8919 in 
Merged SHA 4dbcaa99e3364562af41ee978dc8bcfe1dfd8919 with commit message 'chore: Promote bdd-gh-1568289284 to version 0.0.1' into base branch master

Showing logs for build [32mcb-kubecd-environment-pr-5450-1-bh6zd-1[0m stage [32mfrom-build-pack[0m and container [32mstep-build-helm-build[0m
WARNING: No $CHART_REPOSITORY defined so using the default value of: http://jenkins-x-chartmuseum:8080
Adding missing Helm repo: storage.googleapis.com https://storage.googleapis.com/chartmuseum.jenkins-x.io
Successfully added Helm repository storage.googleapis.com.
Adding missing Helm repo: jenkins-x-chartmuseum http://jenkins-x-chartmuseum:8080
Successfully added Helm repository jenkins-x-chartmuseum.
WARNING: No $CHART_REPOSITORY defined so using the default value of: http://jenkins-x-chartmuseum:8080
Adding missing Helm repo: chartmuseum.jenkins-x.io http://chartmuseum.jenkins-x.io
Successfully added Helm repository chartmuseum.jenkins-x.io.
